[01/Mar/2026 04:57:31] "GET /api/users/me HTTP/1.1" 200 287
[01/Mar/2026 04:57:31] "GET /api/community/bootstrap HTTP/1.1" 200 2888582
[numexpr.utils] Note: NumExpr detected 20 cores but "NUMEXPR_MAX_THREADS" not set, so enforcing safe limit of 16.
[numexpr.utils] NumExpr defaulting to 16 threads.
[RecSys] Model loaded.
[01/Mar/2026 04:57:33] "GET /api/community/recommend?k=12&page=1&pageSize=12 HTTP/1.1" 200 10617
Unauthorized: /api/users/me
[django.request] Unauthorized: /api/users/me
[01/Mar/2026 04:57:35] "GET /api/users/me HTTP/1.1" 401 109
Unauthorized: /api/admin/auth/me
[django.request] Unauthorized: /api/admin/auth/me
[01/Mar/2026 04:57:35] "GET /api/admin/auth/me HTTP/1.1" 401 109
Unauthorized: /api/admin/dashboard/overview
[django.request] Unauthorized: /api/admin/dashboard/overview
[01/Mar/2026 04:57:35] "GET /api/admin/dashboard/overview HTTP/1.1" 401 109
Unauthorized: /api/users/me
[django.request] Unauthorized: /api/users/me
[01/Mar/2026 04:57:42] "GET /api/users/me HTTP/1.1" 401 109
[01/Mar/2026 04:57:44] "POST /api/admin/auth/login HTTP/1.1" 200 287
[01/Mar/2026 04:57:44] "GET /api/admin/dashboard/overview HTTP/1.1" 200 179
[01/Mar/2026 04:57:47] "GET /api/admin/moderation/posts?page=1&pageSize=10 HTTP/1.1" 200 3068
[01/Mar/2026 04:57:52] "GET /api/admin/moderation/posts?page=1&pageSize=100 HTTP/1.1" 200 16167
[01/Mar/2026 04:57:56] "GET /api/admin/moderation/comments?page=1&pageSize=10 HTTP/1.1" 200 3766
[01/Mar/2026 04:58:01] "GET /api/admin/moderation/posts?page=1&pageSize=100 HTTP/1.1" 200 16167
[01/Mar/2026 04:58:10] "GET /api/admin/dashboard/overview HTTP/1.1" 200 179
[01/Mar/2026 04:58:11] "GET /api/admin/moderation/posts?page=1&pageSize=100 HTTP/1.1" 200 16167
[01/Mar/2026 04:58:11] "GET /api/admin/moderation/comments?page=1&pageSize=10 HTTP/1.1" 200 3766
[01/Mar/2026 04:58:12] "GET /api/admin/users?page=1&pageSize=10 HTTP/1.1" 200 1405
[01/Mar/2026 04:58:12] "GET /api/admin/audit/logs?page=1&pageSize=10 HTTP/1.1" 200 155
[01/Mar/2026 04:58:22] "GET /api/admin/dashboard/overview HTTP/1.1" 200 179
[01/Mar/2026 04:58:29] "GET /api/admin/moderation/posts?page=1&pageSize=100 HTTP/1.1" 200 16167
[01/Mar/2026 04:58:34] "GET /api/users/me HTTP/1.1" 200 287
[01/Mar/2026 04:58:34] "GET /api/admin/auth/me HTTP/1.1" 200 287
[01/Mar/2026 04:58:34] "GET /api/admin/users?page=1&pageSize=10 HTTP/1.1" 200 1405
[01/Mar/2026 04:58:37] "GET /api/users/me HTTP/1.1" 200 287
[01/Mar/2026 04:58:37] "GET /api/community/bootstrap HTTP/1.1" 200 2888582
[01/Mar/2026 04:58:37] "GET /api/community/recommend?k=12&page=1&pageSize=12 HTTP/1.1" 200 10617
Unauthorized: /api/users/me
[django.request] Unauthorized: /api/users/me
[01/Mar/2026 04:58:39] "GET /api/users/me HTTP/1.1" 401 109
[01/Mar/2026 04:58:39] "GET /api/community/bootstrap HTTP/1.1" 200 2888582
[01/Mar/2026 04:58:39] "GET /api/community/recommend?k=12&page=1&pageSize=12 HTTP/1.1" 200 10617
[01/Mar/2026 04:58:46] "POST /api/auth/login HTTP/1.1" 200 723100
[01/Mar/2026 04:58:46] "GET /api/community/recommend?k=12&page=1&pageSize=12 HTTP/1.1" 200 10617
[01/Mar/2026 04:58:49] "GET /api/community/search?q=&nav=%E6%9B%B4%E6%96%B0&page=1&pageSize=12 HTTP/1.1" 200 2115049
[01/Mar/2026 04:58:49] "GET /api/community/recommend?k=12&page=1&pageSize=12 HTTP/1.1" 200 10617
[01/Mar/2026 04:58:51] "GET /api/community/search?q=&nav=%E6%9B%B4%E6%96%B0&page=1&pageSize=12 HTTP/1.1" 200 2115049
[01/Mar/2026 04:58:52] "GET /api/community/search?q=&nav=%E6%9B%B4%E6%96%B0&page=2&pageSize=12 HTTP/1.1" 200 10568
[01/Mar/2026 04:58:54] "GET /api/community/search?q=&nav=%E6%9B%B4%E6%96%B0&page=3&pageSize=12 HTTP/1.1" 200 10535
[01/Mar/2026 04:58:56] "GET /api/community/search?q=&nav=%E6%9B%B4%E6%96%B0&page=4&pageSize=12 HTTP/1.1" 200 10522
[01/Mar/2026 04:58:57] "GET /api/community/search?q=&nav=%E6%9B%B4%E6%96%B0&page=5&pageSize=12 HTTP/1.1" 200 6255
[01/Mar/2026 04:59:08] "GET /api/community/search?q=&nav=%E7%83%AD%E9%97%A8&page=1&pageSize=12 HTTP/1.1" 200 10617
[01/Mar/2026 04:59:09] "GET /api/community/recommend?k=12&page=1&pageSize=12 HTTP/1.1" 200 10617
[01/Mar/2026 04:59:10] "GET /api/community/search?q=&nav=%E7%83%AD%E9%97%A8&page=1&pageSize=12 HTTP/1.1" 200 10617
[01/Mar/2026 04:59:10] "GET /api/community/recommend?k=12&page=1&pageSize=12 HTTP/1.1" 200 10617
